<?xml version="1.0" encoding="UTF-8"?>
<!-- Generated by org.testng.reporters.JUnitReportReporter -->
<testsuite hostname="DESKTOP-AELALK6" failures="0" tests="3" name="testcases.LoginTest" time="102.126" errors="0" timestamp="2024-06-01T21:11:15 IST" skipped="0">
  <testcase classname="testcases.LoginTest" name="LoginSuccessTest1" time="39.838"/>
  <system-out/>
  <testcase classname="testcases.LoginTest" name="LogiFailureTest" time="33.695"/>
  <system-out/>
  <testcase classname="testcases.LoginTest" name="LoginSuccessTest" time="28.593"/>
  <system-out/>
</testsuite> <!-- testcases.LoginTest -->
