<?xml version="1.0" encoding="UTF-8"?>
<!-- Generated by org.testng.reporters.JUnitReportReporter -->
<testsuite hostname="DESKTOP-AELALK6" failures="0" tests="2" name="testcases.LoginTest" time="64.292" errors="0" timestamp="2024-05-19T20:16:47 IST" skipped="0">
  <testcase classname="testcases.LoginTest" name="LoginSuccessTest" time="34.706"/>
  <system-out/>
  <testcase classname="testcases.LoginTest" name="LogiFailureTest" time="29.586"/>
  <system-out/>
</testsuite> <!-- testcases.LoginTest -->
